SET_PARAMETER perf_level Good
SET_PARAMETER gt_channel Channel_0
SET_PARAMETER bar2_type N/A
SET_PARAMETER bar5_enabled false
SET_PARAMETER d2_power_dissipated 0
SET_PARAMETER bar4_enabled false
SET_PARAMETER bar4_prefetchable false
SET_PARAMETER bar1_prefetchable false
SET_PARAMETER bar3_enabled false
SET_PARAMETER d0_power_dissipated_factor 0
SET_PARAMETER d0_pme_support true
SET_PARAMETER bar2_enabled false
SET_PARAMETER bar5_size 1
SET_PARAMETER d2_support true
SET_PARAMETER subsystem_id 0007
SET_PARAMETER d2_power_consumed 0
SET_PARAMETER bar1_enabled false
SET_PARAMETER bar0_size 1
SET_PARAMETER d1_support true
SET_PARAMETER vendor_id 10EE
SET_PARAMETER d3_power_consumed_factor 0
SET_PARAMETER device_id 0007
SET_PARAMETER xlnx_ref_board None
SET_PARAMETER bar0_enabled true
SET_PARAMETER bar3_type N/A
SET_PARAMETER d2_power_consumed_factor 0
SET_PARAMETER sub_class_interface_menu Generic_XT_compatible_serial_controller
SET_PARAMETER multiple_message_capable 1_vector
SET_PARAMETER d1_power_consumed_factor 0
SET_PARAMETER d0_power_consumed 0
SET_PARAMETER gt_loc X0Y0
SET_PARAMETER d0_power_consumed_factor 0
SET_PARAMETER enable_slot_clock_cfg false
SET_PARAMETER d3_power_dissipated 0
SET_PARAMETER extended_tag_field false
SET_PARAMETER d1_power_dissipated_factor 0
SET_PARAMETER expansion_rom_enabled false
SET_PARAMETER dsn_enabled true
SET_PARAMETER bar1_size 1
SET_PARAMETER base_class_menu Simple_communication_controllers
SET_PARAMETER bar3_prefetchable false
SET_PARAMETER bar4_type N/A
SET_PARAMETER bar0_prefetchable false
SET_PARAMETER d1_pme_support true
SET_PARAMETER bar5_scale Kilobytes
SET_PARAMETER d3hot_pme_support true
SET_PARAMETER device_port_type PCI_Express_Endpoint_device
SET_PARAMETER expose_unused_transceiver_ports false
SET_PARAMETER d0_power_dissipated 0
SET_PARAMETER bar4_scale Bytes
SET_PARAMETER trans_buf_pipeline None
SET_PARAMETER ext_pci_cfg_space false
SET_PARAMETER bar3_scale Bytes
SET_PARAMETER d2_power_dissipated_factor 0
SET_PARAMETER bar2_size 128
SET_PARAMETER cpl_finite false
SET_PARAMETER bar2_scale Bytes
SET_PARAMETER bar5_type N/A
SET_PARAMETER trim_tlp_digest true
SET_PARAMETER component_name s6_pcie_v2_4
SET_PARAMETER d3_power_consumed 0
SET_PARAMETER bar1_scale Bytes
SET_PARAMETER class_code_interface 00
SET_PARAMETER subsystem_vendor_id 10EE
SET_PARAMETER pci_cfg_space false
SET_PARAMETER bar0_type Memory
SET_PARAMETER bar4_64bit false
SET_PARAMETER class_code_sub 80
SET_PARAMETER max_payload_size 512_bytes
SET_PARAMETER bar0_scale Kilobytes
SET_PARAMETER expansion_rom_scale Kilobytes
SET_PARAMETER bar3_64bit false
SET_PARAMETER d1_power_consumed 0
SET_PARAMETER legacy_interrupt INTA
SET_PARAMETER bar5_prefetchable false
SET_PARAMETER bar2_64bit false
SET_PARAMETER bar2_prefetchable false
SET_PARAMETER override_low_latency false
SET_PARAMETER bar3_size 1
SET_PARAMETER enable_aspm_l1_support false
SET_PARAMETER d1_power_dissipated 0
SET_PARAMETER d3_power_dissipated_factor 0
SET_PARAMETER bar1_64bit false
SET_PARAMETER ref_clk_freq 100_MHz
SET_PARAMETER expansion_rom_size 2
SET_PARAMETER d2_pme_support true
SET_PARAMETER cardbus_cis_pointer 00000000
SET_PARAMETER bar0_64bit false
SET_PARAMETER device_specific_initialization false
SET_PARAMETER bar1_type N/A
SET_PARAMETER revision_id 00
SET_PARAMETER class_code_base 05
SET_PARAMETER force_no_scrambling false
SET_PARAMETER phantom_functions No_function_number_bits_used
SET_PARAMETER acceptable_l1_latency No_limit
SET_PARAMETER bar4_size 1
SET_PARAMETER acceptable_l0_latency No_limit
SET_ERROR_CODE 2
SET_ERROR_MSG  CANCEL: Customization cancelled.
SET_ERROR_TEXT Finished initializing IP model.	
